0 info it worked if it ends with ok
1 verbose cli [ '/usr/local/bin/node',
1 verbose cli   '/usr/local/bin/npm',
1 verbose cli   'install',
1 verbose cli   '--save',
1 verbose cli   'node@5.2.0' ]
2 info using npm@3.3.12
3 info using node@v5.2.0
4 silly loadCurrentTree Starting
5 silly install loadCurrentTree
6 silly install readLocalPackageData
7 silly fetchPackageMetaData node@5.2.0
8 silly fetchNamedPackageData node
9 silly mapToRegistry name node
10 silly mapToRegistry using default registry
11 silly mapToRegistry registry https://registry.npmjs.org/
12 silly mapToRegistry uri https://registry.npmjs.org/node
13 verbose request uri https://registry.npmjs.org/node
14 verbose request no auth needed
15 info attempt registry request try #1 at 6:55:54 PM
16 verbose request id d03001f5302fa325
17 verbose etag "4RB0I162TMBFF7IWMPCBRMD3L"
18 http request GET https://registry.npmjs.org/node
19 http 304 https://registry.npmjs.org/node
20 verbose headers { date: 'Tue, 29 Mar 2016 01:55:54 GMT',
20 verbose headers   via: '1.1 varnish',
20 verbose headers   'cache-control': 'max-age=300',
20 verbose headers   etag: '"4RB0I162TMBFF7IWMPCBRMD3L"',
20 verbose headers   age: '0',
20 verbose headers   connection: 'keep-alive',
20 verbose headers   'x-served-by': 'cache-lax1435-LAX',
20 verbose headers   'x-cache': 'HIT',
20 verbose headers   'x-cache-hits': '1',
20 verbose headers   'x-timer': 'S1459216554.702818,VS0,VE41',
20 verbose headers   vary: 'Accept' }
21 silly get cb [ 304,
21 silly get   { date: 'Tue, 29 Mar 2016 01:55:54 GMT',
21 silly get     via: '1.1 varnish',
21 silly get     'cache-control': 'max-age=300',
21 silly get     etag: '"4RB0I162TMBFF7IWMPCBRMD3L"',
21 silly get     age: '0',
21 silly get     connection: 'keep-alive',
21 silly get     'x-served-by': 'cache-lax1435-LAX',
21 silly get     'x-cache': 'HIT',
21 silly get     'x-cache-hits': '1',
21 silly get     'x-timer': 'S1459216554.702818,VS0,VE41',
21 silly get     vary: 'Accept' } ]
22 verbose etag https://registry.npmjs.org/node from cache
23 verbose get saving node to /Users/nicholaskneafsey/.npm/registry.npmjs.org/node/.cache.json
24 silly fetchPackageMetaData Error: No compatible version found: node@5.2.0
24 silly fetchPackageMetaData Valid install targets:
24 silly fetchPackageMetaData 0.0.0
24 silly fetchPackageMetaData
24 silly fetchPackageMetaData     at pickVersionFromRegistryDocument (/usr/local/lib/node_modules/npm/lib/fetch-package-metadata.js:156:16)
24 silly fetchPackageMetaData     at /usr/local/lib/node_modules/npm/node_modules/iferr/index.js:13:50
24 silly fetchPackageMetaData     at /usr/local/lib/node_modules/npm/lib/utils/pulse-till-done.js:19:8
24 silly fetchPackageMetaData     at saved (/usr/local/lib/node_modules/npm/lib/cache/caching-client.js:168:7)
24 silly fetchPackageMetaData     at /usr/local/lib/node_modules/npm/node_modules/graceful-fs/polyfills.js:210:7
24 silly fetchPackageMetaData     at FSReqWrap.oncomplete (fs.js:83:15)
24 silly fetchPackageMetaData  error for node@5.2.0 [Error: No compatible version found: node@5.2.0
24 silly fetchPackageMetaData Valid install targets:
24 silly fetchPackageMetaData 0.0.0
24 silly fetchPackageMetaData ]
25 silly rollbackFailedOptional Starting
26 silly rollbackFailedOptional Finishing
27 silly runTopLevelLifecycles Starting
28 silly runTopLevelLifecycles Finishing
29 silly install printInstalled
30 verbose stack Error: No compatible version found: node@5.2.0
30 verbose stack Valid install targets:
30 verbose stack 0.0.0
30 verbose stack
30 verbose stack     at pickVersionFromRegistryDocument (/usr/local/lib/node_modules/npm/lib/fetch-package-metadata.js:156:16)
30 verbose stack     at /usr/local/lib/node_modules/npm/node_modules/iferr/index.js:13:50
30 verbose stack     at /usr/local/lib/node_modules/npm/lib/utils/pulse-till-done.js:19:8
30 verbose stack     at saved (/usr/local/lib/node_modules/npm/lib/cache/caching-client.js:168:7)
30 verbose stack     at /usr/local/lib/node_modules/npm/node_modules/graceful-fs/polyfills.js:210:7
30 verbose stack     at FSReqWrap.oncomplete (fs.js:83:15)
31 verbose cwd /Users/nicholaskneafsey/Desktop/popsugar
32 error Darwin 14.5.0
33 error argv "/usr/local/bin/node" "/usr/local/bin/npm" "install" "--save" "node@5.2.0"
34 error node v5.2.0
35 error npm  v3.3.12
36 error No compatible version found: node@5.2.0
36 error Valid install targets:
36 error 0.0.0
37 error If you need help, you may report this error at:
37 error     <https://github.com/npm/npm/issues>
38 verbose exit [ 1, true ]
